<?xml version="1.0" encoding="UTF-8"?>
<!-- Generated by org.testng.reporters.JUnitReportReporter -->
<testsuite hostname="MT-PF1F14DK" failures="0" tests="1" name="TestHelper.LoginTest" time="2.250" errors="0" timestamp="2022-07-02T20:30:32 IST" skipped="0">
  <testcase classname="TestHelper.LoginTest" name="testLogin" time="2.250"/>
  <system-out/>
</testsuite> <!-- TestHelper.LoginTest -->
