<?xml version="1.0" encoding="UTF-8"?>
<!-- Generated by org.testng.reporters.JUnitReportReporter -->
<testsuite hostname="MT-PF1F14DK" failures="0" tests="1" name="TestHelper.MyTest" time="10.598" errors="0" timestamp="2022-07-03T22:53:15 IST" skipped="0">
  <testcase classname="TestHelper.MyTest" name="newTest" time="10.598"/>
  <system-out/>
</testsuite> <!-- TestHelper.MyTest -->
