<?xml version="1.0" encoding="UTF-8"?>
<!-- Generated by org.testng.reporters.JUnitReportReporter -->
<testsuite hostname="MT-PF1F14DK" failures="0" tests="1" name="com.orangehrm.testcases.testDerived" time="1.580" errors="0" timestamp="2022-07-04T12:35:03 IST" skipped="0">
  <testcase classname="com.orangehrm.testcases.testDerived" name="test" time="1.580"/>
  <system-out/>
</testsuite> <!-- com.orangehrm.testcases.testDerived -->
