<?xml version="1.0" encoding="UTF-8"?>
<!-- Generated by org.testng.reporters.JUnitReportReporter -->
<testsuite hostname="MT-PF1F14DK" failures="0" tests="1" name="com.orangehrm.utilies.ActualTest" time="4.424" errors="0" timestamp="2022-07-03T21:03:48 IST" skipped="0">
  <testcase classname="com.orangehrm.utilies.ActualTest" name="acTest" time="4.424"/>
  <system-out/>
</testsuite> <!-- com.orangehrm.utilies.ActualTest -->
