<?xml version="1.0" encoding="UTF-8"?>
<!-- Generated by org.testng.reporters.JUnitReportReporter -->
<testsuite hostname="MT-PF1F14DK" failures="0" tests="1" name="ExtentReports.NewTestExplain" time="0.008" errors="0" timestamp="2022-06-29T14:40:24 IST" skipped="0">
  <testcase classname="ExtentReports.NewTestExplain" name="f" time="0.008"/>
  <system-out/>
</testsuite> <!-- ExtentReports.NewTestExplain -->
