<?xml version="1.0" encoding="UTF-8"?>
<!-- Generated by org.testng.reporters.JUnitReportReporter -->
<testsuite hostname="MT-PF1F14DK" failures="0" tests="1" name="com.runner.BbcCricketTest" time="8.319" errors="0" timestamp="2022-07-14T10:45:45 IST" skipped="0">
  <testcase classname="com.runner.BbcCricketTest" name="cricketTest" time="8.319"/>
  <system-out/>
</testsuite> <!-- com.runner.BbcCricketTest -->
