<?xml version="1.0" encoding="UTF-8"?>
<!-- Generated by org.testng.reporters.JUnitReportReporter -->
<testsuite hostname="MT-PF1F14DK" failures="0" tests="1" name="com.runner.BbcPrivacyTest" time="5.529" errors="0" timestamp="2022-07-14T10:39:43 IST" skipped="0">
  <testcase classname="com.runner.BbcPrivacyTest" name="privacyTest" time="5.529"/>
  <system-out/>
</testsuite> <!-- com.runner.BbcPrivacyTest -->
