<?xml version="1.0" encoding="UTF-8"?>
<!-- Generated by org.testng.reporters.JUnitReportReporter -->
<testsuite hostname="MT-PF1F14DK" failures="0" tests="1" name="com.runner.BbcEditorPickTest" time="18.014" errors="0" timestamp="2022-07-14T10:30:13 IST" skipped="0">
  <testcase classname="com.runner.BbcEditorPickTest" name="editorPickTest" time="18.014"/>
  <system-out/>
</testsuite> <!-- com.runner.BbcEditorPickTest -->
