<?xml version="1.0" encoding="UTF-8"?>
<!-- Generated by org.testng.reporters.JUnitReportReporter -->
<testsuite hostname="MT-PF1F14DK" failures="0" tests="1" name="com.runner.BbcCricketTest" time="9.676" errors="0" timestamp="2022-07-17T17:58:53 IST" skipped="0">
  <testcase classname="com.runner.BbcCricketTest" name="cricketTest" time="9.676"/>
  <system-out/>
</testsuite> <!-- com.runner.BbcCricketTest -->
