<?xml version="1.0" encoding="UTF-8"?>
<!-- Generated by org.testng.reporters.JUnitReportReporter -->
<testsuite hostname="MT-PF1F14DK" failures="0" tests="1" name="com.testrunner.PhilipsCarAutomotiveTest" time="5.777" errors="0" timestamp="2022-07-05T21:32:12 IST" skipped="0">
  <testcase classname="com.testrunner.PhilipsCarAutomotiveTest" name="clicking" time="5.777"/>
  <system-out/>
</testsuite> <!-- com.testrunner.PhilipsCarAutomotiveTest -->
