<?xml version="1.0" encoding="UTF-8"?>
<!-- Generated by org.testng.reporters.JUnitReportReporter -->
<testsuite hostname="MT-PF1F14DK" failures="0" tests="1" name="com.testrunner.PhilipsTvTest" time="7.220" errors="0" timestamp="2022-07-09T11:34:12 IST" skipped="0">
  <testcase classname="com.testrunner.PhilipsTvTest" name="checkTvResults" time="7.220"/>
  <system-out/>
</testsuite> <!-- com.testrunner.PhilipsTvTest -->
