<?xml version="1.0" encoding="UTF-8"?>
<!-- Generated by org.testng.reporters.JUnitReportReporter -->
<testsuite hostname="MT-PF1F14DK" failures="0" tests="1" name="com.testrunner.PhilipsLightningTest" time="12.422" errors="0" timestamp="2022-07-05T21:32:51 IST" skipped="0">
  <testcase classname="com.testrunner.PhilipsLightningTest" name="testCustomerCarenumber" time="12.422"/>
  <system-out/>
</testsuite> <!-- com.testrunner.PhilipsLightningTest -->
