<?xml version="1.0" encoding="UTF-8"?>
<!-- Generated by org.testng.reporters.JUnitReportReporter -->
<testsuite hostname="MT-PF1F14DK" failures="0" tests="1" name="com.testrunner.NewTest" time="0.879" errors="0" timestamp="2022-07-04T12:27:13 IST" skipped="0">
  <testcase classname="com.testrunner.NewTest" name="test" time="0.879"/>
  <system-out/>
</testsuite> <!-- com.testrunner.NewTest -->
