<?xml version="1.0" encoding="UTF-8"?>
<!-- Generated by org.testng.reporters.JUnitReportReporter -->
<testsuite hostname="MT-PF1F14DK" failures="0" tests="2" name="com.mindtree.Test.ParametersTesting" time="0.321" errors="0" timestamp="2022-06-22T15:30:35 IST" skipped="0">
  <testcase classname="com.mindtree.Test.ParametersTesting" name="Login" time="0.288"/>
  <system-out/>
  <testcase classname="com.mindtree.Test.ParametersTesting" name="isLogo" time="0.033"/>
  <system-out/>
</testsuite> <!-- com.mindtree.Test.ParametersTesting -->
