<?xml version="1.0" encoding="UTF-8"?>
<!-- Generated by org.testng.reporters.JUnitReportReporter -->
<testsuite hostname="MT-PF1F14DK" failures="0" tests="1" name="runner.SauceProductsTest" time="2.601" errors="0" timestamp="2022-07-11T01:24:25 IST" skipped="0">
  <testcase classname="runner.SauceProductsTest" name="testProducts" time="2.601"/>
  <system-out/>
</testsuite> <!-- runner.SauceProductsTest -->
