<?xml version="1.0" encoding="UTF-8"?>
<!-- Generated by org.testng.reporters.JUnitReportReporter -->
<testsuite hostname="MT-PF1F14DK" failures="0" tests="1" name="runner.SauceLoginTest" time="1.265" errors="0" timestamp="2022-07-11T01:24:25 IST" skipped="0">
  <testcase classname="runner.SauceLoginTest" name="testLoginFeature" time="1.265"/>
  <system-out/>
</testsuite> <!-- runner.SauceLoginTest -->
