<?xml version="1.0" encoding="UTF-8"?>
<!-- Generated by org.testng.reporters.JUnitReportReporter -->
<testsuite hostname="MT-PF1F14DK" failures="0" tests="1" name="com.TestRunner.AddCartTest" time="0.993" errors="0" timestamp="2022-07-02T21:01:58 IST" skipped="0">
  <testcase classname="com.TestRunner.AddCartTest" name="clickAddCart" time="0.993"/>
  <system-out/>
</testsuite> <!-- com.TestRunner.AddCartTest -->
