<?xml version="1.0" encoding="UTF-8"?>
<!-- Generated by org.testng.reporters.JUnitReportReporter -->
<testsuite hostname="MT-PF1F14DK" failures="0" tests="1" name="com.TestRunner.GoToCartTest" time="6.106" errors="0" timestamp="2022-07-02T21:08:49 IST" skipped="0">
  <testcase classname="com.TestRunner.GoToCartTest" name="MyCart" time="6.106"/>
  <system-out/>
</testsuite> <!-- com.TestRunner.GoToCartTest -->
