<?xml version="1.0" encoding="UTF-8"?>
<!-- Generated by org.testng.reporters.JUnitReportReporter -->
<testsuite hostname="MT-PF1F14DK" failures="0" tests="1" name="com.TestRunner.ProductsTest" time="1.358" errors="0" timestamp="2022-07-10T16:29:40 IST" skipped="0">
  <testcase classname="com.TestRunner.ProductsTest" name="Myproduct" time="1.358"/>
  <system-out/>
</testsuite> <!-- com.TestRunner.ProductsTest -->
