<?xml version="1.0" encoding="UTF-8"?>
<!-- Generated by org.testng.reporters.JUnitReportReporter -->
<testsuite hostname="MT-PF1F14DK" failures="0" tests="1" name="com.TestRunner.Login" time="6.578" errors="0" timestamp="2022-07-10T16:29:25 IST" skipped="0">
  <testcase classname="com.TestRunner.Login" name="loading" time="6.578"/>
  <system-out/>
</testsuite> <!-- com.TestRunner.Login -->
