<?xml version="1.0" encoding="UTF-8"?>
<!-- Generated by org.testng.reporters.JUnitReportReporter -->
<testsuite hostname="MT-PF1F14DK" failures="0" tests="1" name="com.TestRunner.LoadTest" time="5.980" errors="0" timestamp="2022-06-28T15:35:56 IST" skipped="0">
  <testcase classname="com.TestRunner.LoadTest" name="loading" time="5.980"/>
  <system-out/>
</testsuite> <!-- com.TestRunner.LoadTest -->
