<?xml version="1.0" encoding="UTF-8"?>
<!-- Generated by org.testng.reporters.JUnitReportReporter -->
<testsuite hostname="MT-PF1F14DK" failures="0" tests="2" name="com.air.testdata.LoginPageTest" time="6.845" errors="0" timestamp="30 Jun 2022 18:18:44 GMT" skipped="0">
  <testcase classname="com.air.testdata.LoginPageTest" name="loginPageTitleTest" time="2.451"/>
  <testcase classname="com.air.testdata.LoginPageTest" name="loginTest" time="4.394"/>
</testsuite> <!-- com.air.testdata.LoginPageTest -->
