<?xml version="1.0" encoding="UTF-8"?>
<!-- Generated by org.testng.reporters.JUnitReportReporter -->
<testsuite hostname="MT-PF1F14DK" failures="0" tests="1" name="com.practise.NewTest" time="5.556" errors="0" timestamp="2022-06-30T11:35:34 IST" skipped="0">
  <testcase classname="com.practise.NewTest" name="f" time="5.556"/>
  <system-out/>
</testsuite> <!-- com.practise.NewTest -->
