<?xml version="1.0" encoding="UTF-8"?>
<!-- Generated by org.testng.reporters.JUnitReportReporter -->
<testsuite hostname="MT-PF1F14DK" failures="0" tests="1" name="com.testRunner.LoginTest" time="4.898" errors="0" timestamp="2022-06-30T17:30:06 IST" skipped="0">
  <testcase classname="com.testRunner.LoginTest" name="sauceLogin" time="4.898"/>
  <system-out/>
</testsuite> <!-- com.testRunner.LoginTest -->
