<?xml version="1.0" encoding="UTF-8"?>
<!-- Generated by org.testng.reporters.JUnitReportReporter -->
<testsuite hostname="MT-PF1F14DK" failures="0" tests="1" name="runner.HomePageRun" time="12.625" errors="0" timestamp="2022-07-14T19:50:48 IST" skipped="0">
  <testcase classname="runner.HomePageRun" name="secondTest" time="12.625"/>
  <system-out/>
</testsuite> <!-- runner.HomePageRun -->
